<?xml version="1.0" encoding="UTF-8"?>
<!-- Generated by org.testng.reporters.JUnitReportReporter -->
<testsuite hostname="LAPTOP-NJ20DN1T" failures="0" tests="3" name="test.VerifyTest" time="18.392" errors="0" timestamp="21 Feb 2022 12:37:32 GMT" skipped="0">
  <testcase classname="test.VerifyTest" name="task" time="5.691"/>
  <testcase classname="test.VerifyTest" name="reports" time="6.075"/>
  <testcase classname="test.VerifyTest" name="users" time="6.626"/>
</testsuite> <!-- test.VerifyTest -->
