<?xml version="1.0" encoding="UTF-8"?>
<!-- Generated by org.testng.reporters.JUnitReportReporter -->
<testsuite hostname="LAPTOP-NJ20DN1T" failures="0" tests="2" name="test.TestNG" time="12.142" errors="0" timestamp="21 Feb 2022 05:54:22 GMT" skipped="0">
  <testcase classname="test.TestNG" name="createUser" time="6.301"/>
  <testcase classname="test.TestNG" name="createTask" time="5.841"/>
</testsuite> <!-- test.TestNG -->
